<?xml version="1.0" encoding="UTF-8"?>
<!-- Generated by org.testng.reporters.JUnitReportReporter -->
<testsuite hostname="DESKTOP-8CBTPK0" failures="0" tests="1" name="com.metproject.testcases.LoginTest" time="23.870" errors="0" timestamp="18 Apr 2021 05:14:09 GMT" skipped="0">
  <testcase classname="com.metproject.testcases.LoginTest" name="lobUser" time="23.870"/>
</testsuite> <!-- com.metproject.testcases.LoginTest -->
